<?xml version="1.0" encoding="UTF-8"?>
<robot generator="Robot 7.4.2 (Python 3.14.0 on win32)" generated="2026-06-12T22:51:46.307415" rpa="false" schemaversion="5">
<suite id="s1" name="Login" source="C:\Users\Luke\Desktop\ConectaMed\teste_guilherme\login\login.robot">
<kw name="Open Browser To Login Page" type="SETUP">
<kw name="Open Browser" owner="SeleniumLibrary">
<msg time="2026-06-12T22:51:47.721751" level="INFO">Opening browser 'chrome' to base url 'http://localhost:5173/login'.</msg>
<arg>${URL}</arg>
<arg>${BROWSER}</arg>
<doc>Opens a new browser instance to the optional ``url``.</doc>
<status status="PASS" start="2026-06-12T22:51:47.720871" elapsed="2.904382"/>
</kw>
<kw name="Maximize Browser Window" owner="SeleniumLibrary">
<doc>Maximizes current browser window.</doc>
<status status="PASS" start="2026-06-12T22:51:50.626033" elapsed="0.682274"/>
</kw>
<status status="PASS" start="2026-06-12T22:51:47.718810" elapsed="3.589826"/>
</kw>
<test id="s1-t1" name="CT01 - Login válido" line="13">
<kw name="Input Text" owner="SeleniumLibrary">
<msg time="2026-06-12T22:51:51.311896" level="INFO">Typing text 'admin@teste.com' into text field 'xpath=//input[@type='email']'.</msg>
<arg>xpath=//input[@type='email']</arg>
<arg>admin@teste.com</arg>
<doc>Types the given ``text`` into the text field identified by ``locator``.</doc>
<status status="PASS" start="2026-06-12T22:51:51.310714" elapsed="0.377566"/>
</kw>
<kw name="Input Text" owner="SeleniumLibrary">
<msg time="2026-06-12T22:51:51.689880" level="INFO">Typing text '123456' into text field 'xpath=//input[@type='password']'.</msg>
<arg>xpath=//input[@type='password']</arg>
<arg>123456</arg>
<doc>Types the given ``text`` into the text field identified by ``locator``.</doc>
<status status="PASS" start="2026-06-12T22:51:51.689006" elapsed="0.275710"/>
</kw>
<kw name="Click Button" owner="SeleniumLibrary">
<msg time="2026-06-12T22:51:51.966816" level="INFO">Clicking button 'xpath=//button[contains(text(),'Entrar')]'.</msg>
<arg>xpath=//button[contains(text(),'Entrar')]</arg>
<doc>Clicks the button identified by ``locator``.</doc>
<status status="PASS" start="2026-06-12T22:51:51.965951" elapsed="0.215085"/>
</kw>
<kw name="Sleep" owner="BuiltIn">
<msg time="2026-06-12T22:51:54.183483" level="INFO">Slept 2 seconds.</msg>
<arg>2s</arg>
<doc>Pauses the test executed for the given time.</doc>
<status status="PASS" start="2026-06-12T22:51:52.181790" elapsed="2.001975"/>
</kw>
<status status="PASS" start="2026-06-12T22:51:51.308900" elapsed="2.875630"/>
</test>
<test id="s1-t2" name="CT02 - Email vazio" line="19">
<kw name="Input Text" owner="SeleniumLibrary">
<msg time="2026-06-12T22:51:54.189770" level="INFO">Typing text '123456' into text field 'xpath=//input[@type='password']'.</msg>
<arg>xpath=//input[@type='password']</arg>
<arg>123456</arg>
<doc>Types the given ``text`` into the text field identified by ``locator``.</doc>
<status status="PASS" start="2026-06-12T22:51:54.188917" elapsed="0.221435"/>
</kw>
<kw name="Click Button" owner="SeleniumLibrary">
<msg time="2026-06-12T22:51:54.412092" level="INFO">Clicking button 'xpath=//button[contains(text(),'Entrar')]'.</msg>
<arg>xpath=//button[contains(text(),'Entrar')]</arg>
<doc>Clicks the button identified by ``locator``.</doc>
<status status="PASS" start="2026-06-12T22:51:54.411124" elapsed="0.174777"/>
</kw>
<kw name="Sleep" owner="BuiltIn">
<msg time="2026-06-12T22:51:56.589374" level="INFO">Slept 2 seconds.</msg>
<arg>2s</arg>
<doc>Pauses the test executed for the given time.</doc>
<status status="PASS" start="2026-06-12T22:51:54.587874" elapsed="2.001925"/>
</kw>
<status status="PASS" start="2026-06-12T22:51:54.186914" elapsed="2.404344"/>
</test>
<test id="s1-t3" name="CT03 - Senha vazia" line="24">
<kw name="Input Text" owner="SeleniumLibrary">
<msg time="2026-06-12T22:51:56.597866" level="INFO">Typing text 'admin@teste.com' into text field 'xpath=//input[@type='email']'.</msg>
<arg>xpath=//input[@type='email']</arg>
<arg>admin@teste.com</arg>
<doc>Types the given ``text`` into the text field identified by ``locator``.</doc>
<status status="PASS" start="2026-06-12T22:51:56.596075" elapsed="0.239995"/>
</kw>
<kw name="Click Button" owner="SeleniumLibrary">
<msg time="2026-06-12T22:51:56.838252" level="INFO">Clicking button 'xpath=//button[contains(text(),'Entrar')]'.</msg>
<arg>xpath=//button[contains(text(),'Entrar')]</arg>
<doc>Clicks the button identified by ``locator``.</doc>
<status status="PASS" start="2026-06-12T22:51:56.837442" elapsed="0.123793"/>
</kw>
<kw name="Sleep" owner="BuiltIn">
<msg time="2026-06-12T22:51:58.963540" level="INFO">Slept 2 seconds.</msg>
<arg>2s</arg>
<doc>Pauses the test executed for the given time.</doc>
<status status="PASS" start="2026-06-12T22:51:56.962081" elapsed="2.001915"/>
</kw>
<status status="PASS" start="2026-06-12T22:51:56.593916" elapsed="2.371956"/>
</test>
<kw name="Close Browser" owner="SeleniumLibrary" type="TEARDOWN">
<doc>Closes the current browser.</doc>
<status status="PASS" start="2026-06-12T22:51:58.970397" elapsed="2.803569"/>
</kw>
<status status="PASS" start="2026-06-12T22:51:46.311776" elapsed="15.462398"/>
</suite>
<statistics>
<total>
<stat pass="3" fail="0" skip="0">All Tests</stat>
</total>
<tag>
</tag>
<suite>
<stat name="Login" id="s1" pass="3" fail="0" skip="0">Login</stat>
</suite>
</statistics>
<errors>
</errors>
</robot>
